2025-09-25 12:11:29,758 - gevi_compare - INFO - Starting GEVI comparison: ['ASAP6.2', 'ASAP6.3']
2025-09-25 12:11:29,758 - gevi_compare - INFO - Output directory: gevi_conservative_comparison
2025-09-25 12:11:29,758 - gevi_compare - INFO - Loading data from experiment paths...
2025-09-25 12:11:29,758 - gevi_compare - INFO - Loading ASAP6.2 from /Users/gts/Downloads/ASAP_experiments/conservative/ASAP6_2
2025-09-25 12:11:29,759 - gevi_compare - INFO - Found 5 event files for ASAP6.2
2025-09-25 12:11:31,029 - gevi_compare - INFO - Loading ASAP6.3 from /Users/gts/Downloads/ASAP_experiments/conservative/ASAP6_3
2025-09-25 12:11:31,030 - gevi_compare - INFO - Found 11 event files for ASAP6.3
2025-09-25 12:11:34,031 - gevi_compare - INFO - Loaded 890 total events from 16 files
2025-09-25 12:11:34,031 - gevi_compare - INFO - Found 890 events with real trace data
2025-09-25 12:11:34,031 - gevi_compare - INFO - Validating inputs...
2025-09-25 12:11:34,032 - gevi_compare - INFO - Input validation passed. Data shape: (890, 14)
2025-09-25 12:11:34,032 - gevi_compare - INFO - Preprocessing data...
2025-09-25 12:11:34,034 - gevi_compare - INFO - Artifact removal: 890 -> 874 events (16 removed)
2025-09-25 12:11:34,038 - gevi_compare - INFO - QC filtering: 4 -> 4 ROIs (0 removed)
2025-09-25 12:11:34,038 - gevi_compare - INFO - Preprocessing complete. Final data shape: (874, 14)
2025-09-25 12:11:34,038 - gevi_compare - INFO - Extracting metrics...
2025-09-25 12:11:34,055 - gevi_compare - INFO - Extracted metrics for 874 events and 7 ROIs
2025-09-25 12:11:34,055 - gevi_compare - INFO - Running statistical analyses...
2025-09-25 12:11:39,811 - gevi_compare - INFO - Statistical analyses complete
2025-09-25 12:11:39,811 - gevi_compare - INFO - Creating figures with real event data...
2025-09-25 12:11:40,226 - gevi_compare - INFO - Creating spike shape figure from real trace data...
2025-09-25 12:11:40,227 - gevi_compare - INFO - Alignment parameters: pre=50.0ms, post=50.0ms, amp_min=0.02, snr_min=3.0, align_by=onset, interp=linear
2025-09-25 12:11:40,227 - gevi_compare - INFO - Minimum windows: pre=50.0ms, post=150.0ms
2025-09-25 12:11:40,227 - gevi_compare - INFO - Processing 245 events for ASAP6.2
2025-09-25 12:11:40,314 - gevi_compare - INFO - ASAP6.2: 204 events passed filters
2025-09-25 12:11:40,314 - gevi_compare - INFO - Processing 645 events for ASAP6.3
2025-09-25 12:11:40,543 - gevi_compare - INFO - ASAP6.3: 575 events passed filters
2025-09-25 12:11:40,544 - gevi_compare - INFO - Event filtering results:
2025-09-25 12:11:40,544 - gevi_compare - INFO -   Total events processed: 890
2025-09-25 12:11:40,544 - gevi_compare - INFO -   Total events dropped: 111
2025-09-25 12:11:40,544 - gevi_compare - INFO -     short_pre_window: 1
2025-09-25 12:11:40,544 - gevi_compare - INFO -     short_post_window: 4
2025-09-25 12:11:40,544 - gevi_compare - INFO -     snr_below: 106
2025-09-25 12:11:40,544 - gevi_compare - INFO -   Total events passed: 779
2025-09-25 12:11:41,819 - gevi_compare - INFO - Real spike shape figure created with 779 events
2025-09-25 12:11:41,819 - gevi_compare - INFO - Figure creation complete
2025-09-25 12:11:41,819 - gevi_compare - INFO - Writing outputs...
2025-09-25 12:11:45,596 - gevi_compare - INFO - Saved spike shape comparison figure
2025-09-25 12:11:45,607 - gevi_compare - WARNING - Parquet export not available, saved as CSV only
2025-09-25 12:11:45,939 - gevi_compare - INFO - All outputs saved to gevi_conservative_comparison
2025-09-25 12:11:45,939 - gevi_compare - INFO - Analysis completed successfully!
