2025-09-25 11:04:23,005 - gevi_compare - INFO - Starting GEVI comparison: ['ASAP6.2', 'ASAP6.3']
2025-09-25 11:04:23,005 - gevi_compare - INFO - Output directory: gevi_comparison
2025-09-25 11:04:23,005 - gevi_compare - INFO - Loading data from experiment paths...
2025-09-25 11:04:23,005 - gevi_compare - INFO - Loading ASAP6.2 from /Users/gts/Downloads/ASAP_experiments/ASAP6_2
2025-09-25 11:04:23,007 - gevi_compare - INFO - Found 17 event files for ASAP6.2
2025-09-25 11:04:23,031 - gevi_compare - INFO - Loading ASAP6.3 from /Users/gts/Downloads/ASAP_experiments/ASAP6_3
2025-09-25 11:04:23,032 - gevi_compare - INFO - Found 48 event files for ASAP6.3
2025-09-25 11:04:23,098 - gevi_compare - INFO - Loaded 2994 total events from 65 files
2025-09-25 11:04:23,099 - gevi_compare - INFO - Validating inputs...
2025-09-25 11:04:23,100 - gevi_compare - INFO - Input validation passed. Data shape: (2994, 14)
2025-09-25 11:04:23,100 - gevi_compare - INFO - Preprocessing data...
2025-09-25 11:04:23,105 - gevi_compare - INFO - Artifact removal: 2994 -> 2920 events (74 removed)
2025-09-25 11:04:23,112 - gevi_compare - INFO - QC filtering: 11 -> 11 ROIs (0 removed)
2025-09-25 11:04:23,112 - gevi_compare - INFO - Preprocessing complete. Final data shape: (2920, 14)
2025-09-25 11:04:23,112 - gevi_compare - INFO - Extracting metrics...
2025-09-25 11:04:23,155 - gevi_compare - INFO - Extracted metrics for 2920 events and 19 ROIs
2025-09-25 11:04:23,155 - gevi_compare - INFO - Running statistical analyses...
2025-09-25 11:04:32,855 - gevi_compare - INFO - Statistical analyses complete
2025-09-25 11:04:32,856 - gevi_compare - INFO - Creating figures...
2025-09-25 11:04:33,286 - gevi_compare - INFO - Figure creation complete
2025-09-25 11:04:33,287 - gevi_compare - INFO - Writing outputs...
2025-09-25 11:04:36,377 - gevi_compare - WARNING - Parquet export not available, saved as CSV only
2025-09-25 11:04:36,904 - gevi_compare - INFO - All outputs saved to gevi_comparison
2025-09-25 11:04:36,904 - gevi_compare - INFO - Analysis completed successfully!
2025-09-25 11:24:24,169 - gevi_compare - ERROR - Analysis failed: local variable 'f' referenced before assignment
2025-09-25 11:34:34,789 - gevi_compare - INFO - Starting GEVI comparison: ['ASAP6.2', 'ASAP6.3']
2025-09-25 11:34:34,789 - gevi_compare - INFO - Output directory: gevi_comparison
2025-09-25 11:34:34,789 - gevi_compare - INFO - Loading data from experiment paths...
2025-09-25 11:34:34,789 - gevi_compare - INFO - Loading ASAP6.2 from /Users/gts/Downloads/ASAP_experiments/ASAP6_2
2025-09-25 11:34:34,792 - gevi_compare - INFO - Found 17 event files for ASAP6.2
2025-09-25 11:34:34,811 - gevi_compare - INFO - Loading ASAP6.3 from /Users/gts/Downloads/ASAP_experiments/ASAP6_3
2025-09-25 11:34:34,817 - gevi_compare - INFO - Found 48 event files for ASAP6.3
2025-09-25 11:34:34,869 - gevi_compare - INFO - Loaded 2994 total events from 65 files
2025-09-25 11:34:34,869 - gevi_compare - INFO - Validating inputs...
2025-09-25 11:34:34,870 - gevi_compare - INFO - Input validation passed. Data shape: (2994, 14)
2025-09-25 11:34:34,870 - gevi_compare - INFO - Preprocessing data...
2025-09-25 11:34:34,873 - gevi_compare - INFO - Artifact removal: 2994 -> 2920 events (74 removed)
2025-09-25 11:34:34,878 - gevi_compare - INFO - QC filtering: 11 -> 11 ROIs (0 removed)
2025-09-25 11:34:34,878 - gevi_compare - INFO - Preprocessing complete. Final data shape: (2920, 14)
2025-09-25 11:34:34,878 - gevi_compare - INFO - Extracting metrics...
2025-09-25 11:34:34,919 - gevi_compare - INFO - Extracted metrics for 2920 events and 19 ROIs
2025-09-25 11:34:34,919 - gevi_compare - INFO - Making spike-shape figure...
2025-09-25 11:34:35,061 - gevi_compare - INFO - Prepared 2920 synthetic events for alignment
2025-09-25 11:34:35,761 - gevi_compare - WARNING - Spike-shape figure skipped: no events passed filters.
2025-09-25 11:34:35,761 - gevi_compare - INFO - Running statistical analyses...
2025-09-25 11:34:45,840 - gevi_compare - INFO - Statistical analyses complete
2025-09-25 11:34:45,840 - gevi_compare - INFO - Creating figures...
2025-09-25 11:34:46,267 - gevi_compare - INFO - Figure creation complete
2025-09-25 11:34:46,267 - gevi_compare - INFO - Writing outputs...
2025-09-25 11:34:49,415 - gevi_compare - WARNING - Parquet export not available, saved as CSV only
2025-09-25 11:34:49,941 - gevi_compare - INFO - All outputs saved to gevi_comparison
2025-09-25 11:34:49,941 - gevi_compare - INFO - Analysis completed successfully!
2025-09-25 11:35:25,164 - gevi_compare - INFO - Starting GEVI comparison: ['ASAP6.2', 'ASAP6.3']
2025-09-25 11:35:25,164 - gevi_compare - INFO - Output directory: gevi_comparison
2025-09-25 11:35:25,164 - gevi_compare - INFO - Loading data from experiment paths...
2025-09-25 11:35:25,164 - gevi_compare - INFO - Loading ASAP6.2 from /Users/gts/Downloads/ASAP_experiments/ASAP6_2
2025-09-25 11:35:25,165 - gevi_compare - INFO - Found 17 event files for ASAP6.2
2025-09-25 11:35:25,185 - gevi_compare - INFO - Loading ASAP6.3 from /Users/gts/Downloads/ASAP_experiments/ASAP6_3
2025-09-25 11:35:25,187 - gevi_compare - INFO - Found 48 event files for ASAP6.3
2025-09-25 11:35:25,239 - gevi_compare - INFO - Loaded 2994 total events from 65 files
2025-09-25 11:35:25,239 - gevi_compare - INFO - Validating inputs...
2025-09-25 11:35:25,240 - gevi_compare - INFO - Input validation passed. Data shape: (2994, 14)
2025-09-25 11:35:25,240 - gevi_compare - INFO - Preprocessing data...
2025-09-25 11:35:25,243 - gevi_compare - INFO - Artifact removal: 2994 -> 2920 events (74 removed)
2025-09-25 11:35:25,248 - gevi_compare - INFO - QC filtering: 11 -> 11 ROIs (0 removed)
2025-09-25 11:35:25,248 - gevi_compare - INFO - Preprocessing complete. Final data shape: (2920, 14)
2025-09-25 11:35:25,248 - gevi_compare - INFO - Extracting metrics...
2025-09-25 11:35:25,290 - gevi_compare - INFO - Extracted metrics for 2920 events and 19 ROIs
2025-09-25 11:35:25,290 - gevi_compare - INFO - Making spike-shape figure...
2025-09-25 11:35:25,430 - gevi_compare - INFO - Prepared 2920 synthetic events for alignment
2025-09-25 11:35:26,140 - gevi_compare - WARNING - Spike-shape figure skipped: no events passed filters.
2025-09-25 11:35:26,140 - gevi_compare - INFO - Running statistical analyses...
2025-09-25 11:35:35,589 - gevi_compare - INFO - Statistical analyses complete
2025-09-25 11:35:35,589 - gevi_compare - INFO - Creating figures...
2025-09-25 11:35:36,021 - gevi_compare - INFO - Figure creation complete
2025-09-25 11:35:36,021 - gevi_compare - INFO - Writing outputs...
2025-09-25 11:35:39,125 - gevi_compare - WARNING - Parquet export not available, saved as CSV only
2025-09-25 11:35:39,641 - gevi_compare - INFO - All outputs saved to gevi_comparison
2025-09-25 11:35:39,641 - gevi_compare - INFO - Analysis completed successfully!
2025-09-25 11:39:09,663 - gevi_compare - INFO - Starting GEVI comparison: ['ASAP6.2', 'ASAP6.3']
2025-09-25 11:39:09,663 - gevi_compare - INFO - Output directory: gevi_comparison
2025-09-25 11:39:09,663 - gevi_compare - INFO - Loading data from experiment paths...
2025-09-25 11:39:09,663 - gevi_compare - INFO - Loading ASAP6.2 from /Users/gts/Downloads/ASAP_experiments/ASAP6_2
2025-09-25 11:39:09,664 - gevi_compare - INFO - Found 17 event files for ASAP6.2
2025-09-25 11:39:09,683 - gevi_compare - INFO - Loading ASAP6.3 from /Users/gts/Downloads/ASAP_experiments/ASAP6_3
2025-09-25 11:39:09,685 - gevi_compare - INFO - Found 48 event files for ASAP6.3
2025-09-25 11:39:09,738 - gevi_compare - INFO - Loaded 2994 total events from 65 files
2025-09-25 11:39:09,738 - gevi_compare - INFO - Validating inputs...
2025-09-25 11:39:09,739 - gevi_compare - INFO - Input validation passed. Data shape: (2994, 14)
2025-09-25 11:39:09,739 - gevi_compare - INFO - Preprocessing data...
2025-09-25 11:39:09,742 - gevi_compare - INFO - Artifact removal: 2994 -> 2920 events (74 removed)
2025-09-25 11:39:09,747 - gevi_compare - INFO - QC filtering: 11 -> 11 ROIs (0 removed)
2025-09-25 11:39:09,747 - gevi_compare - INFO - Preprocessing complete. Final data shape: (2920, 14)
2025-09-25 11:39:09,747 - gevi_compare - INFO - Extracting metrics...
2025-09-25 11:39:09,790 - gevi_compare - INFO - Extracted metrics for 2920 events and 19 ROIs
2025-09-25 11:39:09,791 - gevi_compare - INFO - Running statistical analyses...
2025-09-25 11:39:19,172 - gevi_compare - INFO - Statistical analyses complete
2025-09-25 11:39:19,172 - gevi_compare - INFO - Creating figures...
2025-09-25 11:39:19,595 - gevi_compare - INFO - Attempting to create spike shape figure...
2025-09-25 11:39:19,748 - gevi_compare - INFO - Prepared 2920 synthetic events for alignment
2025-09-25 11:39:20,454 - gevi_compare - WARNING - No events passed alignment filters for spike shape figure
2025-09-25 11:39:20,454 - gevi_compare - INFO - Figure creation complete
2025-09-25 11:39:20,454 - gevi_compare - INFO - Writing outputs...
2025-09-25 11:39:23,524 - gevi_compare - WARNING - Parquet export not available, saved as CSV only
2025-09-25 11:39:24,048 - gevi_compare - INFO - All outputs saved to gevi_comparison
2025-09-25 11:39:24,048 - gevi_compare - INFO - Analysis completed successfully!
2025-09-25 11:44:44,666 - gevi_compare - INFO - Starting GEVI comparison: ['ASAP6.2', 'ASAP6.3']
2025-09-25 11:44:44,666 - gevi_compare - INFO - Output directory: gevi_comparison
2025-09-25 11:44:44,666 - gevi_compare - INFO - Loading data from experiment paths...
2025-09-25 11:44:44,667 - gevi_compare - INFO - Loading ASAP6.2 from /Users/gts/Downloads/ASAP_experiments/ASAP6_2
2025-09-25 11:44:44,668 - gevi_compare - INFO - Found 17 event files for ASAP6.2
2025-09-25 11:44:44,687 - gevi_compare - INFO - Loading ASAP6.3 from /Users/gts/Downloads/ASAP_experiments/ASAP6_3
2025-09-25 11:44:44,689 - gevi_compare - INFO - Found 48 event files for ASAP6.3
2025-09-25 11:44:44,741 - gevi_compare - INFO - Loaded 2994 total events from 65 files
2025-09-25 11:44:44,741 - gevi_compare - INFO - Validating inputs...
2025-09-25 11:44:44,742 - gevi_compare - INFO - Input validation passed. Data shape: (2994, 14)
2025-09-25 11:44:44,742 - gevi_compare - INFO - Preprocessing data...
2025-09-25 11:44:44,746 - gevi_compare - INFO - Artifact removal: 2994 -> 2920 events (74 removed)
2025-09-25 11:44:44,751 - gevi_compare - INFO - QC filtering: 11 -> 11 ROIs (0 removed)
2025-09-25 11:44:44,751 - gevi_compare - INFO - Preprocessing complete. Final data shape: (2920, 14)
2025-09-25 11:44:44,751 - gevi_compare - INFO - Extracting metrics...
2025-09-25 11:44:44,792 - gevi_compare - INFO - Extracted metrics for 2920 events and 19 ROIs
2025-09-25 11:44:44,793 - gevi_compare - INFO - Running statistical analyses...
2025-09-25 11:44:54,219 - gevi_compare - INFO - Statistical analyses complete
2025-09-25 11:44:54,219 - gevi_compare - INFO - Creating figures...
2025-09-25 11:44:54,646 - gevi_compare - INFO - Attempting to create spike shape figure using CSV metrics...
2025-09-25 11:44:54,721 - gevi_compare - INFO - CSV-based spike shape figure created successfully
2025-09-25 11:44:54,721 - gevi_compare - INFO - Figure creation complete
2025-09-25 11:44:54,721 - gevi_compare - INFO - Writing outputs...
2025-09-25 11:44:59,553 - gevi_compare - INFO - Saved spike shape comparison figure
2025-09-25 11:44:59,588 - gevi_compare - WARNING - Parquet export not available, saved as CSV only
2025-09-25 11:45:00,093 - gevi_compare - INFO - All outputs saved to gevi_comparison
2025-09-25 11:45:00,093 - gevi_compare - INFO - Analysis completed successfully!
2025-09-25 11:50:35,484 - gevi_compare - INFO - Starting GEVI comparison: ['ASAP6.2', 'ASAP6.3']
2025-09-25 11:50:35,484 - gevi_compare - INFO - Output directory: gevi_comparison
2025-09-25 11:50:35,484 - gevi_compare - INFO - Loading data from experiment paths...
2025-09-25 11:50:35,484 - gevi_compare - INFO - Loading ASAP6.2 from /Users/gts/Downloads/ASAP_experiments/ASAP6_2
2025-09-25 11:50:35,485 - gevi_compare - INFO - Found 17 event files for ASAP6.2
2025-09-25 11:50:38,926 - gevi_compare - INFO - Loading ASAP6.3 from /Users/gts/Downloads/ASAP_experiments/ASAP6_3
2025-09-25 11:50:38,928 - gevi_compare - INFO - Found 48 event files for ASAP6.3
2025-09-25 11:50:53,077 - gevi_compare - INFO - Loaded 2994 total events from 65 files
2025-09-25 11:50:53,077 - gevi_compare - INFO - Found 2994 events with real trace data
2025-09-25 11:50:53,078 - gevi_compare - INFO - Validating inputs...
2025-09-25 11:50:53,079 - gevi_compare - INFO - Input validation passed. Data shape: (2994, 14)
2025-09-25 11:50:53,079 - gevi_compare - INFO - Preprocessing data...
2025-09-25 11:50:53,082 - gevi_compare - INFO - Artifact removal: 2994 -> 2920 events (74 removed)
2025-09-25 11:50:53,086 - gevi_compare - INFO - QC filtering: 11 -> 11 ROIs (0 removed)
2025-09-25 11:50:53,086 - gevi_compare - INFO - Preprocessing complete. Final data shape: (2920, 14)
2025-09-25 11:50:53,087 - gevi_compare - INFO - Extracting metrics...
2025-09-25 11:50:53,128 - gevi_compare - INFO - Extracted metrics for 2920 events and 19 ROIs
2025-09-25 11:50:53,128 - gevi_compare - INFO - Running statistical analyses...
2025-09-25 11:51:03,149 - gevi_compare - INFO - Statistical analyses complete
2025-09-25 11:51:03,149 - gevi_compare - INFO - Creating figures with real event data...
2025-09-25 11:51:03,573 - gevi_compare - INFO - Creating spike shape figure from real trace data...
2025-09-25 11:51:03,573 - gevi_compare - INFO - Alignment parameters: pre=200.0ms, post=400.0ms, amp_min=0.02, snr_min=3.0, align_by=onset, interp=linear
2025-09-25 11:51:03,573 - gevi_compare - INFO - Minimum windows: pre=50.0ms, post=150.0ms
2025-09-25 11:51:03,574 - gevi_compare - INFO - Processing 670 events for ASAP6.2
2025-09-25 11:51:03,917 - gevi_compare - INFO - ASAP6.2: 622 events passed filters
2025-09-25 11:51:03,919 - gevi_compare - INFO - Processing 2324 events for ASAP6.3
2025-09-25 11:51:05,063 - gevi_compare - INFO - ASAP6.3: 2254 events passed filters
2025-09-25 11:51:05,068 - gevi_compare - INFO - Event filtering results:
2025-09-25 11:51:05,068 - gevi_compare - INFO -   Total events processed: 2994
2025-09-25 11:51:05,069 - gevi_compare - INFO -   Total events dropped: 118
2025-09-25 11:51:05,069 - gevi_compare - INFO -     short_pre_window: 3
2025-09-25 11:51:05,069 - gevi_compare - INFO -     short_post_window: 11
2025-09-25 11:51:05,069 - gevi_compare - INFO -     snr_below: 104
2025-09-25 11:51:05,069 - gevi_compare - INFO -   Total events passed: 2876
2025-09-25 11:51:39,505 - gevi_compare - INFO - Real spike shape figure created with 2876 events
2025-09-25 11:51:39,506 - gevi_compare - INFO - Figure creation complete
2025-09-25 11:51:39,506 - gevi_compare - INFO - Writing outputs...
2025-09-25 11:51:44,167 - gevi_compare - INFO - Saved spike shape comparison figure
2025-09-25 11:51:44,201 - gevi_compare - WARNING - Parquet export not available, saved as CSV only
2025-09-25 11:51:44,725 - gevi_compare - INFO - All outputs saved to gevi_comparison
2025-09-25 11:51:44,725 - gevi_compare - INFO - Analysis completed successfully!
2025-09-25 11:52:42,991 - gevi_compare - INFO - Starting GEVI comparison: ['ASAP6.2', 'ASAP6.3']
2025-09-25 11:52:42,991 - gevi_compare - INFO - Output directory: gevi_comparison
2025-09-25 11:52:42,991 - gevi_compare - INFO - Loading data from experiment paths...
2025-09-25 11:52:42,991 - gevi_compare - INFO - Loading ASAP6.2 from /Users/gts/Downloads/ASAP_experiments/ASAP6_2
2025-09-25 11:52:42,992 - gevi_compare - INFO - Found 17 event files for ASAP6.2
2025-09-25 11:52:46,691 - gevi_compare - INFO - Loading ASAP6.3 from /Users/gts/Downloads/ASAP_experiments/ASAP6_3
2025-09-25 11:52:46,693 - gevi_compare - INFO - Found 48 event files for ASAP6.3
2025-09-25 11:53:02,032 - gevi_compare - INFO - Loaded 2994 total events from 65 files
2025-09-25 11:53:02,032 - gevi_compare - INFO - Found 2994 events with real trace data
2025-09-25 11:53:02,033 - gevi_compare - INFO - Validating inputs...
2025-09-25 11:53:02,033 - gevi_compare - INFO - Input validation passed. Data shape: (2994, 14)
2025-09-25 11:53:02,033 - gevi_compare - INFO - Preprocessing data...
2025-09-25 11:53:02,036 - gevi_compare - INFO - Artifact removal: 2994 -> 2920 events (74 removed)
2025-09-25 11:53:02,041 - gevi_compare - INFO - QC filtering: 11 -> 11 ROIs (0 removed)
2025-09-25 11:53:02,041 - gevi_compare - INFO - Preprocessing complete. Final data shape: (2920, 14)
2025-09-25 11:53:02,041 - gevi_compare - INFO - Extracting metrics...
2025-09-25 11:53:02,082 - gevi_compare - INFO - Extracted metrics for 2920 events and 19 ROIs
2025-09-25 11:53:02,082 - gevi_compare - INFO - Running statistical analyses...
2025-09-25 11:53:11,995 - gevi_compare - INFO - Statistical analyses complete
2025-09-25 11:53:11,995 - gevi_compare - INFO - Creating figures with real event data...
2025-09-25 11:53:12,412 - gevi_compare - INFO - Creating spike shape figure from real trace data...
2025-09-25 11:53:12,413 - gevi_compare - INFO - Alignment parameters: pre=50.0ms, post=50.0ms, amp_min=0.02, snr_min=3.0, align_by=onset, interp=linear
2025-09-25 11:53:12,413 - gevi_compare - INFO - Minimum windows: pre=50.0ms, post=150.0ms
2025-09-25 11:53:12,413 - gevi_compare - INFO - Processing 670 events for ASAP6.2
2025-09-25 11:53:12,648 - gevi_compare - INFO - ASAP6.2: 542 events passed filters
2025-09-25 11:53:12,649 - gevi_compare - INFO - Processing 2324 events for ASAP6.3
2025-09-25 11:53:13,419 - gevi_compare - INFO - ASAP6.3: 1937 events passed filters
2025-09-25 11:53:13,423 - gevi_compare - INFO - Event filtering results:
2025-09-25 11:53:13,423 - gevi_compare - INFO -   Total events processed: 2994
2025-09-25 11:53:13,423 - gevi_compare - INFO -   Total events dropped: 515
2025-09-25 11:53:13,423 - gevi_compare - INFO -     short_pre_window: 3
2025-09-25 11:53:13,423 - gevi_compare - INFO -     short_post_window: 11
2025-09-25 11:53:13,423 - gevi_compare - INFO -     snr_below: 501
2025-09-25 11:53:13,423 - gevi_compare - INFO -   Total events passed: 2479
2025-09-25 11:53:19,512 - gevi_compare - INFO - Real spike shape figure created with 2479 events
2025-09-25 11:53:19,512 - gevi_compare - INFO - Figure creation complete
2025-09-25 11:53:19,512 - gevi_compare - INFO - Writing outputs...
2025-09-25 11:53:23,717 - gevi_compare - INFO - Saved spike shape comparison figure
2025-09-25 11:53:23,750 - gevi_compare - WARNING - Parquet export not available, saved as CSV only
2025-09-25 11:53:24,270 - gevi_compare - INFO - All outputs saved to gevi_comparison
2025-09-25 11:53:24,270 - gevi_compare - INFO - Analysis completed successfully!
2025-09-25 11:57:59,184 - gevi_compare - INFO - Starting GEVI comparison: ['ASAP6.2', 'ASAP6.3']
2025-09-25 11:57:59,185 - gevi_compare - INFO - Output directory: gevi_comparison
2025-09-25 11:57:59,185 - gevi_compare - INFO - Loading data from experiment paths...
2025-09-25 11:57:59,185 - gevi_compare - INFO - Loading ASAP6.2 from /Users/gts/Downloads/ASAP_experiments/ASAP6_2
2025-09-25 11:57:59,188 - gevi_compare - INFO - Found 21 event files for ASAP6.2
2025-09-25 11:58:04,153 - gevi_compare - INFO - Loading ASAP6.3 from /Users/gts/Downloads/ASAP_experiments/ASAP6_3
2025-09-25 11:58:04,161 - gevi_compare - INFO - Found 48 event files for ASAP6.3
2025-09-25 11:58:20,231 - gevi_compare - INFO - Loaded 3197 total events from 69 files
2025-09-25 11:58:20,231 - gevi_compare - INFO - Found 3197 events with real trace data
2025-09-25 11:58:20,231 - gevi_compare - INFO - Validating inputs...
2025-09-25 11:58:20,232 - gevi_compare - INFO - Input validation passed. Data shape: (3197, 14)
2025-09-25 11:58:20,232 - gevi_compare - INFO - Preprocessing data...
2025-09-25 11:58:20,236 - gevi_compare - INFO - Artifact removal: 3197 -> 3115 events (82 removed)
2025-09-25 11:58:20,241 - gevi_compare - INFO - QC filtering: 11 -> 11 ROIs (0 removed)
2025-09-25 11:58:20,241 - gevi_compare - INFO - Preprocessing complete. Final data shape: (3115, 14)
2025-09-25 11:58:20,241 - gevi_compare - INFO - Extracting metrics...
2025-09-25 11:58:20,285 - gevi_compare - INFO - Extracted metrics for 3115 events and 19 ROIs
2025-09-25 11:58:20,285 - gevi_compare - INFO - Running statistical analyses...
2025-09-25 11:58:30,257 - gevi_compare - INFO - Statistical analyses complete
2025-09-25 11:58:30,257 - gevi_compare - INFO - Creating figures with real event data...
2025-09-25 11:58:30,695 - gevi_compare - INFO - Creating spike shape figure from real trace data...
2025-09-25 11:58:30,695 - gevi_compare - INFO - Alignment parameters: pre=50.0ms, post=50.0ms, amp_min=0.02, snr_min=3.0, align_by=onset, interp=linear
2025-09-25 11:58:30,695 - gevi_compare - INFO - Minimum windows: pre=50.0ms, post=150.0ms
2025-09-25 11:58:30,696 - gevi_compare - INFO - Processing 873 events for ASAP6.2
2025-09-25 11:58:31,005 - gevi_compare - INFO - ASAP6.2: 720 events passed filters
2025-09-25 11:58:31,007 - gevi_compare - INFO - Processing 2324 events for ASAP6.3
2025-09-25 11:58:31,791 - gevi_compare - INFO - ASAP6.3: 1937 events passed filters
2025-09-25 11:58:31,794 - gevi_compare - INFO - Event filtering results:
2025-09-25 11:58:31,794 - gevi_compare - INFO -   Total events processed: 3197
2025-09-25 11:58:31,794 - gevi_compare - INFO -   Total events dropped: 540
2025-09-25 11:58:31,794 - gevi_compare - INFO -     short_pre_window: 5
2025-09-25 11:58:31,794 - gevi_compare - INFO -     short_post_window: 11
2025-09-25 11:58:31,794 - gevi_compare - INFO -     snr_below: 524
2025-09-25 11:58:31,795 - gevi_compare - INFO -   Total events passed: 2657
2025-09-25 11:58:35,089 - gevi_compare - INFO - Real spike shape figure created with 2657 events
2025-09-25 11:58:35,089 - gevi_compare - INFO - Figure creation complete
2025-09-25 11:58:35,089 - gevi_compare - INFO - Writing outputs...
2025-09-25 11:58:39,218 - gevi_compare - INFO - Saved spike shape comparison figure
2025-09-25 11:58:39,254 - gevi_compare - WARNING - Parquet export not available, saved as CSV only
2025-09-25 11:58:39,782 - gevi_compare - INFO - All outputs saved to gevi_comparison
2025-09-25 11:58:39,782 - gevi_compare - INFO - Analysis completed successfully!
2025-09-25 12:02:52,134 - gevi_compare - INFO - Starting GEVI comparison: ['ASAP6.2', 'ASAP6.3']
2025-09-25 12:02:52,134 - gevi_compare - INFO - Output directory: gevi_comparison
2025-09-25 12:02:52,134 - gevi_compare - INFO - Loading data from experiment paths...
2025-09-25 12:02:52,134 - gevi_compare - INFO - Loading ASAP6.2 from /Users/gts/Downloads/ASAP_experiments/ASAP6_2
2025-09-25 12:02:52,135 - gevi_compare - INFO - Found 26 event files for ASAP6.2
2025-09-25 12:02:58,791 - gevi_compare - INFO - Loading ASAP6.3 from /Users/gts/Downloads/ASAP_experiments/ASAP6_3
2025-09-25 12:02:58,792 - gevi_compare - INFO - Found 48 event files for ASAP6.3
2025-09-25 12:03:14,719 - gevi_compare - INFO - Loaded 3484 total events from 74 files
2025-09-25 12:03:14,719 - gevi_compare - INFO - Found 3484 events with real trace data
2025-09-25 12:03:14,719 - gevi_compare - INFO - Validating inputs...
2025-09-25 12:03:14,720 - gevi_compare - INFO - Input validation passed. Data shape: (3484, 14)
2025-09-25 12:03:14,720 - gevi_compare - INFO - Preprocessing data...
2025-09-25 12:03:14,723 - gevi_compare - INFO - Artifact removal: 3484 -> 3401 events (83 removed)
2025-09-25 12:03:14,728 - gevi_compare - INFO - QC filtering: 11 -> 11 ROIs (0 removed)
2025-09-25 12:03:14,728 - gevi_compare - INFO - Preprocessing complete. Final data shape: (3401, 14)
2025-09-25 12:03:14,728 - gevi_compare - INFO - Extracting metrics...
2025-09-25 12:03:14,768 - gevi_compare - INFO - Extracted metrics for 3401 events and 19 ROIs
2025-09-25 12:03:14,769 - gevi_compare - INFO - Running statistical analyses...
2025-09-25 12:03:25,250 - gevi_compare - INFO - Statistical analyses complete
2025-09-25 12:03:25,251 - gevi_compare - INFO - Creating figures with real event data...
2025-09-25 12:03:25,663 - gevi_compare - INFO - Creating spike shape figure from real trace data...
2025-09-25 12:03:25,663 - gevi_compare - INFO - Alignment parameters: pre=50.0ms, post=50.0ms, amp_min=0.02, snr_min=3.0, align_by=onset, interp=linear
2025-09-25 12:03:25,663 - gevi_compare - INFO - Minimum windows: pre=50.0ms, post=150.0ms
2025-09-25 12:03:25,664 - gevi_compare - INFO - Processing 1160 events for ASAP6.2
2025-09-25 12:03:26,063 - gevi_compare - INFO - ASAP6.2: 951 events passed filters
2025-09-25 12:03:26,065 - gevi_compare - INFO - Processing 2324 events for ASAP6.3
2025-09-25 12:03:26,833 - gevi_compare - INFO - ASAP6.3: 1937 events passed filters
2025-09-25 12:03:26,836 - gevi_compare - INFO - Event filtering results:
2025-09-25 12:03:26,836 - gevi_compare - INFO -   Total events processed: 3484
2025-09-25 12:03:26,836 - gevi_compare - INFO -   Total events dropped: 596
2025-09-25 12:03:26,836 - gevi_compare - INFO -     short_pre_window: 5
2025-09-25 12:03:26,836 - gevi_compare - INFO -     short_post_window: 11
2025-09-25 12:03:26,836 - gevi_compare - INFO -     snr_below: 580
2025-09-25 12:03:26,836 - gevi_compare - INFO -   Total events passed: 2888
2025-09-25 12:03:30,445 - gevi_compare - INFO - Real spike shape figure created with 2888 events
2025-09-25 12:03:30,445 - gevi_compare - INFO - Figure creation complete
2025-09-25 12:03:30,445 - gevi_compare - INFO - Writing outputs...
2025-09-25 12:03:34,611 - gevi_compare - INFO - Saved spike shape comparison figure
2025-09-25 12:03:34,650 - gevi_compare - WARNING - Parquet export not available, saved as CSV only
2025-09-25 12:03:35,222 - gevi_compare - INFO - All outputs saved to gevi_comparison
2025-09-25 12:03:35,222 - gevi_compare - INFO - Analysis completed successfully!
2025-09-25 13:44:59,204 - gevi_compare - INFO - Starting GEVI comparison: ['ASAP6.2', 'ASAP6.3', 'ASAP4']
2025-09-25 13:44:59,204 - gevi_compare - INFO - Output directory: gevi_comparison
2025-09-25 13:44:59,204 - gevi_compare - INFO - Loading data from experiment paths...
2025-09-25 13:44:59,204 - gevi_compare - INFO - Loading ASAP6.2 from /Users/gts/Downloads/ASAP_experiments/ASAP6_2
2025-09-25 13:44:59,208 - gevi_compare - INFO - Found 26 event files for ASAP6.2
2025-09-25 13:45:05,133 - gevi_compare - INFO - Loading ASAP6.3 from /Users/gts/Downloads/ASAP_experiments/ASAP6_3
2025-09-25 13:45:05,139 - gevi_compare - INFO - Found 48 event files for ASAP6.3
2025-09-25 13:45:19,158 - gevi_compare - INFO - Loading ASAP4 from /Users/gts/Downloads/ASAP_experiments/ASAP4
2025-09-25 13:45:19,158 - gevi_compare - INFO - Found 5 event files for ASAP4
2025-09-25 13:45:20,858 - gevi_compare - INFO - Loaded 3697 total events from 79 files
2025-09-25 13:45:20,858 - gevi_compare - INFO - Found 3697 events with real trace data
2025-09-25 13:45:20,858 - gevi_compare - INFO - Validating inputs...
2025-09-25 13:45:20,860 - gevi_compare - INFO - Input validation passed. Data shape: (3697, 14)
2025-09-25 13:45:20,860 - gevi_compare - INFO - Preprocessing data...
2025-09-25 13:45:20,863 - gevi_compare - INFO - Artifact removal: 3697 -> 3597 events (100 removed)
2025-09-25 13:45:20,870 - gevi_compare - INFO - QC filtering: 11 -> 11 ROIs (0 removed)
2025-09-25 13:45:20,870 - gevi_compare - INFO - Preprocessing complete. Final data shape: (3597, 14)
2025-09-25 13:45:20,870 - gevi_compare - INFO - Extracting metrics...
2025-09-25 13:45:20,920 - gevi_compare - INFO - Extracted metrics for 3597 events and 24 ROIs
2025-09-25 13:45:20,920 - gevi_compare - INFO - Running statistical analyses...
2025-09-25 13:45:40,659 - gevi_compare - INFO - Statistical analyses complete
2025-09-25 13:45:40,659 - gevi_compare - INFO - Creating figures with real event data...
2025-09-25 13:45:41,143 - gevi_compare - INFO - Creating spike shape figure from real trace data...
2025-09-25 13:45:41,144 - gevi_compare - INFO - Alignment parameters: pre=50.0ms, post=50.0ms, amp_min=0.02, snr_min=3.0, align_by=onset, interp=linear
2025-09-25 13:45:41,144 - gevi_compare - INFO - Minimum windows: pre=50.0ms, post=150.0ms
2025-09-25 13:45:41,144 - gevi_compare - INFO - Processing 1160 events for ASAP6.2
2025-09-25 13:45:41,543 - gevi_compare - INFO - ASAP6.2: 951 events passed filters
2025-09-25 13:45:41,545 - gevi_compare - INFO - Processing 2324 events for ASAP6.3
2025-09-25 13:45:42,323 - gevi_compare - INFO - ASAP6.3: 1937 events passed filters
2025-09-25 13:45:42,327 - gevi_compare - INFO - Processing 213 events for ASAP4
2025-09-25 13:45:42,399 - gevi_compare - INFO - ASAP4: 174 events passed filters
2025-09-25 13:45:42,400 - gevi_compare - INFO - Event filtering results:
2025-09-25 13:45:42,400 - gevi_compare - INFO -   Total events processed: 3697
2025-09-25 13:45:42,400 - gevi_compare - INFO -   Total events dropped: 635
2025-09-25 13:45:42,400 - gevi_compare - INFO -     short_pre_window: 5
2025-09-25 13:45:42,400 - gevi_compare - INFO -     short_post_window: 11
2025-09-25 13:45:42,400 - gevi_compare - INFO -     snr_below: 619
2025-09-25 13:45:42,400 - gevi_compare - INFO -   Total events passed: 3062
2025-09-25 13:45:46,347 - gevi_compare - INFO - Real spike shape figure created with 3062 events
2025-09-25 13:45:46,348 - gevi_compare - INFO - Figure creation complete
2025-09-25 13:45:46,348 - gevi_compare - INFO - Writing outputs...
2025-09-25 13:45:50,924 - gevi_compare - INFO - Saved spike shape comparison figure
2025-09-25 13:45:50,965 - gevi_compare - WARNING - Parquet export not available, saved as CSV only
2025-09-25 13:45:51,682 - gevi_compare - INFO - All outputs saved to gevi_comparison
2025-09-25 13:45:51,682 - gevi_compare - INFO - Analysis completed successfully!
2025-09-25 13:55:07,229 - gevi_compare - INFO - Starting GEVI comparison: ['ASAP6.2', 'ASAP6.3', 'ASAP4']
2025-09-25 13:55:07,230 - gevi_compare - INFO - Output directory: gevi_comparison
2025-09-25 13:55:07,230 - gevi_compare - INFO - Loading data from experiment paths...
2025-09-25 13:55:07,230 - gevi_compare - INFO - Loading ASAP6.2 from /Users/gts/Downloads/ASAP_experiments/ASAP6_2
2025-09-25 13:55:07,234 - gevi_compare - INFO - Found 26 event files for ASAP6.2
2025-09-25 13:55:13,310 - gevi_compare - INFO - Loading ASAP6.3 from /Users/gts/Downloads/ASAP_experiments/ASAP6_3
2025-09-25 13:55:13,318 - gevi_compare - INFO - Found 48 event files for ASAP6.3
2025-09-25 13:55:27,787 - gevi_compare - INFO - Loading ASAP4 from /Users/gts/Downloads/ASAP_experiments/ASAP4
2025-09-25 13:55:27,789 - gevi_compare - INFO - Found 5 event files for ASAP4
2025-09-25 13:55:29,629 - gevi_compare - INFO - Loaded 3697 total events from 79 files
2025-09-25 13:55:29,629 - gevi_compare - INFO - Found 3697 events with real trace data
2025-09-25 13:55:29,630 - gevi_compare - INFO - Validating inputs...
2025-09-25 13:55:29,630 - gevi_compare - INFO - Input validation passed. Data shape: (3697, 14)
2025-09-25 13:55:29,630 - gevi_compare - INFO - Preprocessing data...
2025-09-25 13:55:29,634 - gevi_compare - INFO - Artifact removal: 3697 -> 3597 events (100 removed)
2025-09-25 13:55:29,639 - gevi_compare - INFO - QC filtering: 11 -> 11 ROIs (0 removed)
2025-09-25 13:55:29,639 - gevi_compare - INFO - Preprocessing complete. Final data shape: (3597, 14)
2025-09-25 13:55:29,639 - gevi_compare - INFO - Extracting metrics...
2025-09-25 13:55:29,692 - gevi_compare - INFO - Extracted metrics for 3597 events and 24 ROIs
2025-09-25 13:55:29,692 - gevi_compare - INFO - Running statistical analyses...
2025-09-25 13:55:50,318 - gevi_compare - INFO - Statistical analyses complete
2025-09-25 13:55:50,319 - gevi_compare - INFO - Creating figures with real event data...
2025-09-25 13:55:50,833 - gevi_compare - INFO - Creating spike shape figure from real trace data...
2025-09-25 13:55:50,833 - gevi_compare - INFO - Alignment parameters: pre=50.0ms, post=50.0ms, amp_min=0.02, snr_min=3.0, align_by=onset, interp=linear
2025-09-25 13:55:50,833 - gevi_compare - INFO - Minimum windows: pre=50.0ms, post=150.0ms
2025-09-25 13:55:50,834 - gevi_compare - INFO - Processing 1160 events for ASAP6.2
2025-09-25 13:55:51,250 - gevi_compare - INFO - ASAP6.2: 951 events passed filters
2025-09-25 13:55:51,252 - gevi_compare - INFO - Processing 2324 events for ASAP6.3
2025-09-25 13:55:52,102 - gevi_compare - INFO - ASAP6.3: 1937 events passed filters
2025-09-25 13:55:52,107 - gevi_compare - INFO - Processing 213 events for ASAP4
2025-09-25 13:55:52,191 - gevi_compare - INFO - ASAP4: 174 events passed filters
2025-09-25 13:55:52,192 - gevi_compare - INFO - Event filtering results:
2025-09-25 13:55:52,192 - gevi_compare - INFO -   Total events processed: 3697
2025-09-25 13:55:52,192 - gevi_compare - INFO -   Total events dropped: 635
2025-09-25 13:55:52,192 - gevi_compare - INFO -     short_pre_window: 5
2025-09-25 13:55:52,192 - gevi_compare - INFO -     short_post_window: 11
2025-09-25 13:55:52,192 - gevi_compare - INFO -     snr_below: 619
2025-09-25 13:55:52,192 - gevi_compare - INFO -   Total events passed: 3062
2025-09-25 13:55:56,568 - gevi_compare - INFO - Real spike shape figure created with 3062 events
2025-09-25 13:55:56,569 - gevi_compare - INFO - Figure creation complete
2025-09-25 13:55:56,569 - gevi_compare - INFO - Writing outputs...
2025-09-25 13:56:01,506 - gevi_compare - INFO - Saved spike shape comparison figure
2025-09-25 13:56:01,548 - gevi_compare - WARNING - Parquet export not available, saved as CSV only
2025-09-25 13:56:02,300 - gevi_compare - INFO - All outputs saved to gevi_comparison
2025-09-25 13:56:02,301 - gevi_compare - INFO - Analysis completed successfully!
2025-09-25 14:11:09,535 - gevi_compare - INFO - Starting GEVI comparison: ['ASAP6.2', 'ASAP6.3', 'ASAP4']
2025-09-25 14:11:09,535 - gevi_compare - INFO - Output directory: gevi_comparison
2025-09-25 14:11:09,536 - gevi_compare - INFO - Loading data from experiment paths...
2025-09-25 14:11:09,536 - gevi_compare - INFO - Loading ASAP6.2 from /Users/gts/Downloads/ASAP_experiments/ASAP6_2
2025-09-25 14:11:09,537 - gevi_compare - INFO - Found 26 event files for ASAP6.2
2025-09-25 14:11:15,556 - gevi_compare - INFO - Loading ASAP6.3 from /Users/gts/Downloads/ASAP_experiments/ASAP6_3
2025-09-25 14:11:15,558 - gevi_compare - INFO - Found 48 event files for ASAP6.3
2025-09-25 14:11:29,812 - gevi_compare - INFO - Loading ASAP4 from /Users/gts/Downloads/ASAP_experiments/ASAP4
2025-09-25 14:11:29,812 - gevi_compare - INFO - Found 5 event files for ASAP4
2025-09-25 14:11:31,550 - gevi_compare - INFO - Loaded 3697 total events from 79 files
2025-09-25 14:11:31,550 - gevi_compare - INFO - Found 3697 events with real trace data
2025-09-25 14:11:31,550 - gevi_compare - INFO - Validating inputs...
2025-09-25 14:11:31,551 - gevi_compare - INFO - Input validation passed. Data shape: (3697, 14)
2025-09-25 14:11:31,551 - gevi_compare - INFO - Preprocessing data...
2025-09-25 14:11:31,554 - gevi_compare - INFO - Artifact removal: 3697 -> 3597 events (100 removed)
2025-09-25 14:11:31,559 - gevi_compare - INFO - QC filtering: 11 -> 11 ROIs (0 removed)
2025-09-25 14:11:31,559 - gevi_compare - INFO - Preprocessing complete. Final data shape: (3597, 14)
2025-09-25 14:11:31,559 - gevi_compare - INFO - Extracting metrics...
2025-09-25 14:11:31,630 - gevi_compare - INFO - Extracted metrics for 3597 events and 24 ROIs
2025-09-25 14:11:31,630 - gevi_compare - INFO - Running statistical analyses...
2025-09-25 14:11:51,647 - gevi_compare - INFO - Statistical analyses complete
2025-09-25 14:11:51,647 - gevi_compare - INFO - Creating figures with real event data...
2025-09-25 14:11:52,134 - gevi_compare - INFO - Creating spike shape figure from real trace data...
2025-09-25 14:11:52,134 - gevi_compare - INFO - Alignment parameters: pre=50.0ms, post=50.0ms, amp_min=0.02, snr_min=3.0, align_by=onset, interp=linear
2025-09-25 14:11:52,134 - gevi_compare - INFO - Minimum windows: pre=50.0ms, post=150.0ms
2025-09-25 14:11:52,135 - gevi_compare - INFO - Processing 1160 events for ASAP6.2
2025-09-25 14:11:52,536 - gevi_compare - INFO - ASAP6.2: 951 events passed filters
2025-09-25 14:11:52,538 - gevi_compare - INFO - Processing 2324 events for ASAP6.3
2025-09-25 14:11:53,313 - gevi_compare - INFO - ASAP6.3: 1937 events passed filters
2025-09-25 14:11:53,317 - gevi_compare - INFO - Processing 213 events for ASAP4
2025-09-25 14:11:53,392 - gevi_compare - INFO - ASAP4: 174 events passed filters
2025-09-25 14:11:53,393 - gevi_compare - INFO - Event filtering results:
2025-09-25 14:11:53,393 - gevi_compare - INFO -   Total events processed: 3697
2025-09-25 14:11:53,393 - gevi_compare - INFO -   Total events dropped: 635
2025-09-25 14:11:53,393 - gevi_compare - INFO -     short_pre_window: 5
2025-09-25 14:11:53,393 - gevi_compare - INFO -     short_post_window: 11
2025-09-25 14:11:53,393 - gevi_compare - INFO -     snr_below: 619
2025-09-25 14:11:53,393 - gevi_compare - INFO -   Total events passed: 3062
2025-09-25 14:11:57,368 - gevi_compare - INFO - Real spike shape figure created with 3062 events
2025-09-25 14:11:57,368 - gevi_compare - INFO - Figure creation complete
2025-09-25 14:11:57,368 - gevi_compare - INFO - Writing outputs...
2025-09-25 14:12:02,036 - gevi_compare - INFO - Saved spike shape comparison figure
2025-09-25 14:12:02,078 - gevi_compare - WARNING - Parquet export not available, saved as CSV only
2025-09-25 14:12:02,832 - gevi_compare - INFO - All outputs saved to gevi_comparison
2025-09-25 14:12:02,832 - gevi_compare - INFO - Analysis completed successfully!
2025-09-25 14:18:28,352 - gevi_compare - INFO - Starting GEVI comparison: ['ASAP6.2', 'ASAP6.3', 'ASAP4']
2025-09-25 14:18:28,353 - gevi_compare - INFO - Output directory: gevi_comparison
2025-09-25 14:18:28,353 - gevi_compare - INFO - Loading data from experiment paths...
2025-09-25 14:18:28,353 - gevi_compare - INFO - Loading ASAP6.2 from /Users/gts/Downloads/ASAP_experiments/ASAP6_2
2025-09-25 14:18:28,354 - gevi_compare - INFO - Found 26 event files for ASAP6.2
2025-09-25 14:18:34,526 - gevi_compare - INFO - Loading ASAP6.3 from /Users/gts/Downloads/ASAP_experiments/ASAP6_3
2025-09-25 14:18:34,528 - gevi_compare - INFO - Found 48 event files for ASAP6.3
2025-09-25 14:18:49,219 - gevi_compare - INFO - Loading ASAP4 from /Users/gts/Downloads/ASAP_experiments/ASAP4
2025-09-25 14:18:49,220 - gevi_compare - INFO - Found 14 event files for ASAP4
2025-09-25 14:18:54,789 - gevi_compare - INFO - Loaded 4144 total events from 88 files
2025-09-25 14:18:54,789 - gevi_compare - INFO - Found 4144 events with real trace data
2025-09-25 14:18:54,789 - gevi_compare - INFO - Validating inputs...
2025-09-25 14:18:54,790 - gevi_compare - INFO - Input validation passed. Data shape: (4144, 14)
2025-09-25 14:18:54,790 - gevi_compare - INFO - Preprocessing data...
2025-09-25 14:18:54,794 - gevi_compare - INFO - Artifact removal: 4144 -> 4034 events (110 removed)
2025-09-25 14:18:54,801 - gevi_compare - INFO - QC filtering: 12 -> 12 ROIs (0 removed)
2025-09-25 14:18:54,801 - gevi_compare - INFO - Preprocessing complete. Final data shape: (4034, 14)
2025-09-25 14:18:54,801 - gevi_compare - INFO - Extracting metrics...
2025-09-25 14:18:54,866 - gevi_compare - INFO - Extracted metrics for 4034 events and 29 ROIs
2025-09-25 14:18:54,866 - gevi_compare - INFO - Running statistical analyses...
2025-09-25 14:19:16,047 - gevi_compare - INFO - Statistical analyses complete
2025-09-25 14:19:16,048 - gevi_compare - INFO - Creating figures with real event data...
2025-09-25 14:19:16,530 - gevi_compare - INFO - Creating spike shape figure from real trace data...
2025-09-25 14:19:16,530 - gevi_compare - INFO - Alignment parameters: pre=50.0ms, post=50.0ms, amp_min=0.02, snr_min=3.0, align_by=onset, interp=linear
2025-09-25 14:19:16,530 - gevi_compare - INFO - Minimum windows: pre=50.0ms, post=150.0ms
2025-09-25 14:19:16,531 - gevi_compare - INFO - Processing 1160 events for ASAP6.2
2025-09-25 14:19:16,939 - gevi_compare - INFO - ASAP6.2: 951 events passed filters
2025-09-25 14:19:16,941 - gevi_compare - INFO - Processing 2324 events for ASAP6.3
2025-09-25 14:19:17,760 - gevi_compare - INFO - ASAP6.3: 1937 events passed filters
2025-09-25 14:19:17,764 - gevi_compare - INFO - Processing 660 events for ASAP4
2025-09-25 14:19:17,984 - gevi_compare - INFO - ASAP4: 545 events passed filters
2025-09-25 14:19:17,985 - gevi_compare - INFO - Event filtering results:
2025-09-25 14:19:17,985 - gevi_compare - INFO -   Total events processed: 4144
2025-09-25 14:19:17,985 - gevi_compare - INFO -   Total events dropped: 711
2025-09-25 14:19:17,985 - gevi_compare - INFO -     short_pre_window: 6
2025-09-25 14:19:17,985 - gevi_compare - INFO -     short_post_window: 13
2025-09-25 14:19:17,986 - gevi_compare - INFO -     snr_below: 692
2025-09-25 14:19:17,986 - gevi_compare - INFO -   Total events passed: 3433
2025-09-25 14:19:22,564 - gevi_compare - INFO - Real spike shape figure created with 3433 events
2025-09-25 14:19:22,564 - gevi_compare - INFO - Figure creation complete
2025-09-25 14:19:22,564 - gevi_compare - INFO - Writing outputs...
2025-09-25 14:19:27,713 - gevi_compare - INFO - Saved spike shape comparison figure
2025-09-25 14:19:27,762 - gevi_compare - WARNING - Parquet export not available, saved as CSV only
2025-09-25 14:19:28,551 - gevi_compare - INFO - All outputs saved to gevi_comparison
2025-09-25 14:19:28,552 - gevi_compare - INFO - Analysis completed successfully!
